[2025-08-10T12:34:16.233677] TASK_TOGGLED: finish laundry - completed
[2025-08-10T12:34:20.007249] TASK_TOGGLED: read about algorand - completed
[2025-08-10T12:34:32.278861] TASK_TOGGLED: finish laundry - reopened
[2025-08-10T12:34:34.783696] TASK_TOGGLED: read about algorand - reopened
[2025-08-10T12:34:36.933645] TASK_TOGGLED: finish laundry - completed
[2025-08-10T12:34:39.555252] TASK_TOGGLED: finish laundry - reopened
[2025-08-10T13:00:33.918526] TASK_DELETED: Learn Python 
[2025-08-10T13:00:35.623880] TASK_DELETED: I want to write and publish a book by next week 
[2025-08-10T13:00:36.793569] TASK_DELETED: read about algorand 
[2025-08-10T13:00:38.046816] TASK_DELETED: finish laundry 
[2025-08-10T13:00:43.821037] TASK_ADDED: study music 
[2025-08-10T13:00:47.075818] TASK_TOGGLED: study music - completed
[2025-08-10T13:02:26.310452] TASK_ADDED: study music 
[2025-08-10T13:02:29.430263] TASK_TOGGLED: study music - completed
[2025-08-10T13:03:48.204409] TASK_TOGGLED: study music - reopened
[2025-08-10T13:03:48.754892] TASK_TOGGLED: study music - completed
[2025-08-10T13:03:50.258077] TASK_TOGGLED: study music - reopened
[2025-08-10T13:04:16.815744] TASK_DELETED: study music 
[2025-08-10T13:04:18.316198] TASK_DELETED: study music 
[2025-08-10T13:04:24.470973] TASK_ADDED: read about algorand 
[2025-08-10T13:04:27.064294] TASK_TOGGLED: read about algorand - completed
[2025-08-10T13:04:41.480732] TASK_ADDED: learn about Kiro 
[2025-08-10T13:04:43.945738] TASK_TOGGLED: learn about Kiro - completed
[2025-08-10T13:07:33.964357] TASK_TOGGLED: learn about Kiro - reopened
